{"/Users/tobiasbarthold/WebstormProjects/nutricore/App.tsx": {"path":"/Users/tobiasbarthold/WebstormProjects/nutricore/App.tsx","statementMap":{"0":{"start":{"line":1,"column":0},"end":{"line":1,"column":31}},"1":{"start":{"line":2,"column":0},"end":{"line":2,"column":42}},"2":{"start":{"line":3,"column":0},"end":{"line":3,"column":64}},"3":{"start":{"line":4,"column":0},"end":{"line":4,"column":39}},"4":{"start":{"line":5,"column":0},"end":{"line":5,"column":45}},"5":{"start":{"line":6,"column":0},"end":{"line":6,"column":50}},"6":{"start":{"line":7,"column":0},"end":{"line":7,"column":54}},"7":{"start":{"line":8,"column":0},"end":{"line":8,"column":66}},"8":{"start":{"line":9,"column":0},"end":{"line":9,"column":44}},"9":{"start":{"line":10,"column":0},"end":{"line":10,"column":49}},"10":{"start":{"line":11,"column":0},"end":{"line":11,"column":53}},"11":{"start":{"line":14,"column":2},"end":{"line":18,"column":4}},"12":{"start":{"line":13,"column":0},"end":{"line":13,"column":24}},"13":{"start":{"line":21,"column":15},"end":{"line":28,"column":2}},"14":{"start":{"line":30,"column":16},"end":{"line":43,"column":2}},"15":{"start":{"line":46,"column":13},"end":{"line":51,"column":null}}},"fnMap":{"0":{"name":"App","decl":{"start":{"line":13,"column":24},"end":{"line":13,"column":27}},"loc":{"start":{"line":13,"column":27},"end":{"line":19,"column":1}}},"1":{"name":"(anonymous_8)","decl":{"start":{"line":40,"column":16},"end":{"line":40,"column":21}},"loc":{"start":{"line":40,"column":24},"end":{"line":42,"column":3}}}},"branchMap":{},"s":{"0":1,"1":1,"2":1,"3":1,"4":1,"5":1,"6":1,"7":1,"8":1,"9":1,"10":1,"11":1,"12":1,"13":1,"14":1,"15":1},"f":{"0":1,"1":0},"b":{}}
,"/Users/tobiasbarthold/WebstormProjects/nutricore/src/components/navigation.tsx": {"path":"/Users/tobiasbarthold/WebstormProjects/nutricore/src/components/navigation.tsx","statementMap":{"0":{"start":{"line":1,"column":0},"end":{"line":1,"column":31}},"1":{"start":{"line":2,"column":0},"end":{"line":2,"column":76}},"2":{"start":{"line":3,"column":0},"end":{"line":3,"column":61}},"3":{"start":{"line":4,"column":0},"end":{"line":4,"column":35}},"4":{"start":{"line":6,"column":14},"end":{"line":6,"column":42}},"5":{"start":{"line":9,"column":4},"end":{"line":15,"column":6}},"6":{"start":{"line":8,"column":0},"end":{"line":8,"column":24}}},"fnMap":{"0":{"name":"Navigation","decl":{"start":{"line":8,"column":24},"end":{"line":8,"column":34}},"loc":{"start":{"line":8,"column":34},"end":{"line":16,"column":1}}}},"branchMap":{},"s":{"0":1,"1":1,"2":1,"3":1,"4":1,"5":1,"6":1},"f":{"0":1},"b":{}}
,"/Users/tobiasbarthold/WebstormProjects/nutricore/src/data/schema.ts": {"path":"/Users/tobiasbarthold/WebstormProjects/nutricore/src/data/schema.ts","statementMap":{"0":{"start":{"line":1,"column":0},"end":{"line":1,"column":60}},"1":{"start":{"line":2,"column":0},"end":{"line":2,"column":47}},"2":{"start":{"line":4,"column":0},"end":{"line":133,"column":null}}},"fnMap":{},"branchMap":{},"s":{"0":1,"1":1,"2":1},"f":{},"b":{}}
,"/Users/tobiasbarthold/WebstormProjects/nutricore/src/data/models/nutriment.ts": {"path":"/Users/tobiasbarthold/WebstormProjects/nutricore/src/data/models/nutriment.ts","statementMap":{"0":{"start":{"line":1,"column":0},"end":{"line":1,"column":42}},"1":{"start":{"line":2,"column":0},"end":{"line":2,"column":82}},"2":{"start":{"line":3,"column":0},"end":{"line":3,"column":34}},"3":{"start":{"line":4,"column":0},"end":{"line":4,"column":49}},"4":{"start":{"line":7,"column":26},"end":{"line":7,"column":38}},"5":{"start":{"line":6,"column":0},"end":{"line":6,"column":13}},"6":{"start":{"line":8,"column":49},"end":{"line":8,"column":null}},"7":{"start":{"line":9,"column":43},"end":{"line":9,"column":null}},"8":{"start":{"line":10,"column":48},"end":{"line":10,"column":null}},"9":{"start":{"line":11,"column":51},"end":{"line":11,"column":null}},"10":{"start":{"line":12,"column":48},"end":{"line":12,"column":null}},"11":{"start":{"line":13,"column":49},"end":{"line":13,"column":null}},"12":{"start":{"line":14,"column":49},"end":{"line":14,"column":null}},"13":{"start":{"line":15,"column":54},"end":{"line":15,"column":null}},"14":{"start":{"line":16,"column":57},"end":{"line":16,"column":null}},"15":{"start":{"line":17,"column":54},"end":{"line":17,"column":null}},"16":{"start":{"line":18,"column":55},"end":{"line":18,"column":null}},"17":{"start":{"line":19,"column":47},"end":{"line":19,"column":null}},"18":{"start":{"line":20,"column":52},"end":{"line":20,"column":null}},"19":{"start":{"line":21,"column":55},"end":{"line":21,"column":null}},"20":{"start":{"line":22,"column":52},"end":{"line":22,"column":null}},"21":{"start":{"line":23,"column":53},"end":{"line":23,"column":null}},"22":{"start":{"line":24,"column":42},"end":{"line":24,"column":null}},"23":{"start":{"line":25,"column":47},"end":{"line":25,"column":null}},"24":{"start":{"line":26,"column":52},"end":{"line":26,"column":null}},"25":{"start":{"line":27,"column":55},"end":{"line":27,"column":null}},"26":{"start":{"line":28,"column":52},"end":{"line":28,"column":null}},"27":{"start":{"line":29,"column":53},"end":{"line":29,"column":null}},"28":{"start":{"line":30,"column":62},"end":{"line":30,"column":null}},"29":{"start":{"line":31,"column":47},"end":{"line":31,"column":null}},"30":{"start":{"line":32,"column":50},"end":{"line":32,"column":null}},"31":{"start":{"line":33,"column":47},"end":{"line":33,"column":null}},"32":{"start":{"line":34,"column":48},"end":{"line":34,"column":null}},"33":{"start":{"line":35,"column":39},"end":{"line":35,"column":null}},"34":{"start":{"line":36,"column":44},"end":{"line":36,"column":null}},"35":{"start":{"line":37,"column":47},"end":{"line":37,"column":null}},"36":{"start":{"line":38,"column":44},"end":{"line":38,"column":null}},"37":{"start":{"line":39,"column":45},"end":{"line":39,"column":null}},"38":{"start":{"line":40,"column":41},"end":{"line":40,"column":null}},"39":{"start":{"line":41,"column":46},"end":{"line":41,"column":null}},"40":{"start":{"line":42,"column":49},"end":{"line":42,"column":null}},"41":{"start":{"line":43,"column":46},"end":{"line":43,"column":null}},"42":{"start":{"line":44,"column":47},"end":{"line":44,"column":null}},"43":{"start":{"line":45,"column":89},"end":{"line":45,"column":null}},"44":{"start":{"line":46,"column":92},"end":{"line":46,"column":null}},"45":{"start":{"line":47,"column":40},"end":{"line":47,"column":null}},"46":{"start":{"line":48,"column":45},"end":{"line":48,"column":null}},"47":{"start":{"line":49,"column":48},"end":{"line":49,"column":null}},"48":{"start":{"line":50,"column":45},"end":{"line":50,"column":null}},"49":{"start":{"line":51,"column":46},"end":{"line":51,"column":null}},"50":{"start":{"line":52,"column":46},"end":{"line":52,"column":null}},"51":{"start":{"line":53,"column":51},"end":{"line":53,"column":null}},"52":{"start":{"line":54,"column":54},"end":{"line":54,"column":null}},"53":{"start":{"line":55,"column":54},"end":{"line":55,"column":null}},"54":{"start":{"line":56,"column":59},"end":{"line":56,"column":null}},"55":{"start":{"line":57,"column":44},"end":{"line":57,"column":null}},"56":{"start":{"line":58,"column":49},"end":{"line":58,"column":null}},"57":{"start":{"line":59,"column":52},"end":{"line":59,"column":null}},"58":{"start":{"line":60,"column":49},"end":{"line":60,"column":null}},"59":{"start":{"line":61,"column":50},"end":{"line":61,"column":null}},"60":{"start":{"line":62,"column":40},"end":{"line":62,"column":null}},"61":{"start":{"line":63,"column":45},"end":{"line":63,"column":null}},"62":{"start":{"line":64,"column":48},"end":{"line":64,"column":null}},"63":{"start":{"line":65,"column":45},"end":{"line":65,"column":null}},"64":{"start":{"line":66,"column":46},"end":{"line":66,"column":null}},"65":{"start":{"line":67,"column":49},"end":{"line":67,"column":null}},"66":{"start":{"line":68,"column":54},"end":{"line":68,"column":null}},"67":{"start":{"line":69,"column":57},"end":{"line":69,"column":null}},"68":{"start":{"line":70,"column":54},"end":{"line":70,"column":null}},"69":{"start":{"line":71,"column":55},"end":{"line":71,"column":null}},"70":{"start":{"line":72,"column":42},"end":{"line":72,"column":null}},"71":{"start":{"line":73,"column":47},"end":{"line":73,"column":null}},"72":{"start":{"line":74,"column":50},"end":{"line":74,"column":null}},"73":{"start":{"line":75,"column":47},"end":{"line":75,"column":null}},"74":{"start":{"line":76,"column":48},"end":{"line":76,"column":null}},"75":{"start":{"line":77,"column":42},"end":{"line":77,"column":null}},"76":{"start":{"line":78,"column":47},"end":{"line":78,"column":null}},"77":{"start":{"line":79,"column":50},"end":{"line":79,"column":null}},"78":{"start":{"line":80,"column":47},"end":{"line":80,"column":null}},"79":{"start":{"line":81,"column":48},"end":{"line":81,"column":null}},"80":{"start":{"line":82,"column":45},"end":{"line":82,"column":null}},"81":{"start":{"line":83,"column":50},"end":{"line":83,"column":null}},"82":{"start":{"line":84,"column":53},"end":{"line":84,"column":null}},"83":{"start":{"line":85,"column":50},"end":{"line":85,"column":null}},"84":{"start":{"line":86,"column":51},"end":{"line":86,"column":null}},"85":{"start":{"line":87,"column":45},"end":{"line":87,"column":null}},"86":{"start":{"line":88,"column":50},"end":{"line":88,"column":null}},"87":{"start":{"line":89,"column":53},"end":{"line":89,"column":null}},"88":{"start":{"line":90,"column":50},"end":{"line":90,"column":null}},"89":{"start":{"line":91,"column":51},"end":{"line":91,"column":null}},"90":{"start":{"line":92,"column":45},"end":{"line":92,"column":null}},"91":{"start":{"line":93,"column":50},"end":{"line":93,"column":null}},"92":{"start":{"line":94,"column":53},"end":{"line":94,"column":null}},"93":{"start":{"line":95,"column":50},"end":{"line":95,"column":null}},"94":{"start":{"line":96,"column":51},"end":{"line":96,"column":null}}},"fnMap":{},"branchMap":{},"s":{"0":1,"1":1,"2":1,"3":1,"4":1,"5":1,"6":1,"7":1,"8":1,"9":1,"10":1,"11":1,"12":1,"13":1,"14":1,"15":1,"16":1,"17":1,"18":1,"19":1,"20":1,"21":1,"22":1,"23":1,"24":1,"25":1,"26":1,"27":1,"28":1,"29":1,"30":1,"31":1,"32":1,"33":1,"34":1,"35":1,"36":1,"37":1,"38":1,"39":1,"40":1,"41":1,"42":1,"43":1,"44":1,"45":1,"46":1,"47":1,"48":1,"49":1,"50":1,"51":1,"52":1,"53":1,"54":1,"55":1,"56":1,"57":1,"58":1,"59":1,"60":1,"61":1,"62":1,"63":1,"64":1,"65":1,"66":1,"67":1,"68":1,"69":1,"70":1,"71":1,"72":1,"73":1,"74":1,"75":1,"76":1,"77":1,"78":1,"79":1,"80":1,"81":1,"82":1,"83":1,"84":1,"85":1,"86":1,"87":1,"88":1,"89":1,"90":1,"91":1,"92":1,"93":1,"94":1},"f":{},"b":{}}
,"/Users/tobiasbarthold/WebstormProjects/nutricore/src/data/models/nutritional_log.ts": {"path":"/Users/tobiasbarthold/WebstormProjects/nutricore/src/data/models/nutritional_log.ts","statementMap":{"0":{"start":{"line":1,"column":0},"end":{"line":1,"column":42}},"1":{"start":{"line":2,"column":0},"end":{"line":2,"column":69}},"2":{"start":{"line":3,"column":0},"end":{"line":3,"column":34}},"3":{"start":{"line":6,"column":26},"end":{"line":6,"column":44}},"4":{"start":{"line":5,"column":0},"end":{"line":5,"column":13}},"5":{"start":{"line":7,"column":25},"end":{"line":7,"column":null}},"6":{"start":{"line":8,"column":47},"end":{"line":8,"column":null}},"7":{"start":{"line":9,"column":34},"end":{"line":9,"column":null}},"8":{"start":{"line":10,"column":30},"end":{"line":10,"column":null}}},"fnMap":{},"branchMap":{},"s":{"0":1,"1":1,"2":1,"3":1,"4":1,"5":1,"6":1,"7":1,"8":1},"f":{},"b":{}}
,"/Users/tobiasbarthold/WebstormProjects/nutricore/src/data/models/product.ts": {"path":"/Users/tobiasbarthold/WebstormProjects/nutricore/src/data/models/product.ts","statementMap":{"0":{"start":{"line":1,"column":0},"end":{"line":1,"column":42}},"1":{"start":{"line":2,"column":0},"end":{"line":2,"column":82}},"2":{"start":{"line":3,"column":0},"end":{"line":3,"column":38}},"3":{"start":{"line":6,"column":26},"end":{"line":6,"column":36}},"4":{"start":{"line":5,"column":0},"end":{"line":5,"column":13}},"5":{"start":{"line":7,"column":25},"end":{"line":7,"column":null}},"6":{"start":{"line":8,"column":34},"end":{"line":8,"column":null}},"7":{"start":{"line":9,"column":38},"end":{"line":9,"column":null}},"8":{"start":{"line":10,"column":30},"end":{"line":10,"column":null}},"9":{"start":{"line":11,"column":38},"end":{"line":11,"column":null}},"10":{"start":{"line":12,"column":34},"end":{"line":12,"column":null}},"11":{"start":{"line":13,"column":60},"end":{"line":13,"column":null}}},"fnMap":{},"branchMap":{},"s":{"0":1,"1":1,"2":1,"3":1,"4":1,"5":1,"6":1,"7":1,"8":1,"9":1,"10":1,"11":1},"f":{},"b":{}}
,"/Users/tobiasbarthold/WebstormProjects/nutricore/src/data/models/user.ts": {"path":"/Users/tobiasbarthold/WebstormProjects/nutricore/src/data/models/user.ts","statementMap":{"0":{"start":{"line":1,"column":0},"end":{"line":1,"column":42}},"1":{"start":{"line":2,"column":0},"end":{"line":2,"column":88}},"2":{"start":{"line":4,"column":0},"end":{"line":4,"column":38}},"3":{"start":{"line":7,"column":26},"end":{"line":7,"column":33}},"4":{"start":{"line":6,"column":0},"end":{"line":6,"column":13}},"5":{"start":{"line":8,"column":26},"end":{"line":8,"column":null}},"6":{"start":{"line":9,"column":27},"end":{"line":9,"column":null}},"7":{"start":{"line":10,"column":60},"end":{"line":10,"column":null}}},"fnMap":{},"branchMap":{},"s":{"0":1,"1":1,"2":1,"3":1,"4":1,"5":1,"6":1,"7":1},"f":{},"b":{}}
,"/Users/tobiasbarthold/WebstormProjects/nutricore/src/lib/navigation.ts": {"path":"/Users/tobiasbarthold/WebstormProjects/nutricore/src/lib/navigation.ts","statementMap":{"0":{"start":{"line":1,"column":0},"end":{"line":1,"column":70}},"1":{"start":{"line":3,"column":13},"end":{"line":3,"column":60}},"2":{"start":{"line":6,"column":4},"end":{"line":10,"column":null}},"3":{"start":{"line":9,"column":8},"end":{"line":9,"column":52}},"4":{"start":{"line":5,"column":0},"end":{"line":5,"column":16}}},"fnMap":{"0":{"name":"navigate","decl":{"start":{"line":5,"column":16},"end":{"line":5,"column":24}},"loc":{"start":{"line":5,"column":50},"end":{"line":11,"column":1}}}},"branchMap":{"0":{"loc":{"start":{"line":5,"column":39},"end":{"line":5,"column":50}},"type":"default-arg","locations":[{"start":{"line":5,"column":48},"end":{"line":5,"column":50}}]},"1":{"loc":{"start":{"line":6,"column":4},"end":{"line":10,"column":null}},"type":"if","locations":[{"start":{"line":6,"column":4},"end":{"line":10,"column":null}}]}},"s":{"0":1,"1":1,"2":1,"3":0,"4":1},"f":{"0":1},"b":{"0":[1],"1":[0]}}
,"/Users/tobiasbarthold/WebstormProjects/nutricore/src/screens/home.tsx": {"path":"/Users/tobiasbarthold/WebstormProjects/nutricore/src/screens/home.tsx","statementMap":{"0":{"start":{"line":1,"column":0},"end":{"line":1,"column":31}},"1":{"start":{"line":2,"column":0},"end":{"line":2,"column":60}},"2":{"start":{"line":4,"column":19},"end":{"line":4,"column":43}},"3":{"start":{"line":4,"column":25},"end":{"line":4,"column":43}},"4":{"start":{"line":6,"column":20},"end":{"line":6,"column":45}},"5":{"start":{"line":6,"column":26},"end":{"line":6,"column":45}},"6":{"start":{"line":8,"column":21},"end":{"line":8,"column":47}},"7":{"start":{"line":8,"column":27},"end":{"line":8,"column":47}},"8":{"start":{"line":10,"column":27},"end":{"line":10,"column":59}},"9":{"start":{"line":10,"column":33},"end":{"line":10,"column":59}},"10":{"start":{"line":13,"column":30},"end":{"line":13,"column":47}},"11":{"start":{"line":14,"column":21},"end":{"line":19,"column":6}},"12":{"start":{"line":21,"column":24},"end":{"line":26,"column":6}},"13":{"start":{"line":28,"column":4},"end":{"line":34,"column":6}},"14":{"start":{"line":12,"column":0},"end":{"line":12,"column":24}}},"fnMap":{"0":{"name":"(anonymous_6)","decl":{"start":{"line":4,"column":19},"end":{"line":4,"column":22}},"loc":{"start":{"line":4,"column":25},"end":{"line":4,"column":43}}},"1":{"name":"(anonymous_7)","decl":{"start":{"line":6,"column":20},"end":{"line":6,"column":23}},"loc":{"start":{"line":6,"column":26},"end":{"line":6,"column":45}}},"2":{"name":"(anonymous_8)","decl":{"start":{"line":8,"column":21},"end":{"line":8,"column":24}},"loc":{"start":{"line":8,"column":27},"end":{"line":8,"column":47}}},"3":{"name":"(anonymous_9)","decl":{"start":{"line":10,"column":27},"end":{"line":10,"column":30}},"loc":{"start":{"line":10,"column":33},"end":{"line":10,"column":59}}},"4":{"name":"Home","decl":{"start":{"line":12,"column":24},"end":{"line":12,"column":28}},"loc":{"start":{"line":12,"column":28},"end":{"line":35,"column":1}}}},"branchMap":{},"s":{"0":1,"1":1,"2":1,"3":1,"4":1,"5":0,"6":1,"7":0,"8":1,"9":0,"10":1,"11":1,"12":1,"13":1,"14":1},"f":{"0":1,"1":0,"2":0,"3":0,"4":1},"b":{}}
,"/Users/tobiasbarthold/WebstormProjects/nutricore/src/utils/helpers.ts": {"path":"/Users/tobiasbarthold/WebstormProjects/nutricore/src/utils/helpers.ts","statementMap":{"0":{"start":{"line":3,"column":22},"end":{"line":3,"column":58}},"1":{"start":{"line":6,"column":4},"end":{"line":8,"column":null}},"2":{"start":{"line":7,"column":8},"end":{"line":7,"column":31}},"3":{"start":{"line":10,"column":4},"end":{"line":10,"column":21}},"4":{"start":{"line":1,"column":0},"end":{"line":1,"column":16}}},"fnMap":{"0":{"name":"makeSafeName","decl":{"start":{"line":1,"column":16},"end":{"line":1,"column":28}},"loc":{"start":{"line":1,"column":42},"end":{"line":11,"column":1}}}},"branchMap":{"0":{"loc":{"start":{"line":6,"column":4},"end":{"line":8,"column":null}},"type":"if","locations":[{"start":{"line":6,"column":4},"end":{"line":8,"column":null}}]}},"s":{"0":178,"1":178,"2":0,"3":178,"4":1},"f":{"0":178},"b":{"0":[0]}}
}
